{
  "RSpec": {
    "coverage": {
      "/Users/emmasjostrom/Projects/bank_tech_test/spec/account_spec.rb": [
        1,
        null,
        1,
        10,
        7,
        null,
        1,
        1,
        null,
        null,
        1,
        1,
        null,
        null,
        null,
        1,
        null,
        1,
        1,
        1,
        null,
        null,
        1,
        1,
        1,
        null,
        null,
        1,
        1,
        1,
        null,
        null,
        null,
        null,
        1,
        null,
        1,
        1,
        1,
        1,
        null,
        null,
        1,
        1,
        1,
        1,
        null,
        null,
        1,
        1,
        1,
        null,
        null,
        1,
        1,
        1,
        null,
        null,
        null
      ],
      "/Users/emmasjostrom/Projects/bank_tech_test/lib/account.rb": [
        1,
        null,
        1,
        1,
        null,
        1,
        null,
        1,
        9,
        9,
        null,
        null,
        1,
        5,
        4,
        4,
        null,
        null,
        null,
        1,
        4,
        2,
        2,
        null,
        null,
        null,
        null
      ],
      "/Users/emmasjostrom/Projects/bank_tech_test/lib/transaction.rb": [
        1,
        1,
        null,
        1,
        11,
        11,
        null,
        null,
        1,
        2,
        null,
        null,
        null
      ],
      "/Users/emmasjostrom/Projects/bank_tech_test/spec/printer_spec.rb": [
        1,
        null,
        1,
        2,
        2,
        2,
        2,
        null,
        null,
        2,
        null,
        2,
        2,
        null,
        1,
        1,
        1,
        1,
        null,
        null,
        null,
        null
      ],
      "/Users/emmasjostrom/Projects/bank_tech_test/lib/printer.rb": [
        1,
        null,
        1,
        1,
        null,
        null,
        1,
        1,
        null,
        null,
        1,
        1,
        1,
        1,
        4,
        null,
        null,
        null,
        1,
        null,
        1,
        1,
        null,
        null,
        1,
        1,
        1,
        null,
        null,
        1,
        4,
        null,
        null,
        1,
        4,
        2,
        null,
        null,
        1,
        4,
        2,
        null,
        null,
        1,
        null,
        4,
        null,
        null,
        null,
        4,
        null,
        null,
        null
      ],
      "/Users/emmasjostrom/Projects/bank_tech_test/spec/transaction_spec.rb": [
        1,
        null,
        1,
        5,
        4,
        3,
        null,
        null,
        1,
        null,
        1,
        1,
        null,
        null,
        1,
        1,
        null,
        null,
        1,
        1,
        1,
        1,
        null,
        null,
        null,
        1,
        1,
        1,
        null,
        null,
        null,
        null,
        null
      ]
    },
    "timestamp": 1467285299
  }
}
